<component name="libraryTable">
  <library name="junit-4.7">
    <CLASSES>
      <root url="jar://$PROJECT_DIR$/web/lib/junit-4.7.jar!/" />
      <root url="jar://$PROJECT_DIR$/web/lib/mysql-connector-java-5.1.27.jar!/" />
    </CLASSES>
    <JAVADOC />
    <SOURCES />
  </library>
</component>